This is LuaHBTeX, Version 1.12.0 (TeX Live 2020)  (format=lualatex 2020.10.21)  2 NOV 2020 15:10
 restricted system commands enabled.
**lit.bib
(./lit.bib
LaTeX2e <2020-10-01> patch level 1
Lua module: luaotfload-main 2020-09-02 3.15 luaotfload entry point
Lua module: luaotfload-init 2020-09-02 3.15 luaotfload submodule / initializatio
n
Lua module: lualibs 2020-08-31 2.72 ConTeXt Lua standard libraries.
Lua module: lualibs-extended 2020-08-31 2.72 ConTeXt Lua libraries -- extended c
ollection.
Lua module: luaotfload-log 2020-09-02 3.15 luaotfload submodule / logging
Lua module: luaotfload-parsers 2020-09-02 3.15 luaotfload submodule / parsers
Lua module: luaotfload-configuration 2020-09-02 3.15 luaotfload submodule / conf
ig file reader
luaotfload | conf : Root cache directory is "/home/toni/.local/texlive/2020/texm
f-var/luatex-cache/generic/names".
luaotfload | init : Loading fontloader "fontloader-2020-08-31.lua" from kpse-res
olved path "/home/toni/.local/texlive/2020/texmf-dist/tex/luatex/luaotfload/font
loader-2020-08-31.lua".
Lua-only attribute luaotfload@noligature = 1
Lua-only attribute luaotfload@syllabe = 2
luaotfload | init : Context OpenType loader version 0x1.8e353f7ced917p+1
Lua module: luaotfload-fallback 2020-09-02 3.15 luaotfload submodule / fallback
Lua module: luaotfload-multiscript 2020-09-02 3.15 luaotfload submodule / multis
cript
Lua module: luaotfload-script 2020-09-02 3.15 luaotfload submodule / Script help
ers
Inserting `luaotfload.node_processor' at position 1 in `pre_linebreak_filter'.
Inserting `luaotfload.node_processor' at position 1 in `hpack_filter'.
Inserting `luaotfload.glyph_stream' at position 1 in `glyph_stream_provider'.
Lua module: luaotfload-loaders 2020-09-02 3.15 luaotfload submodule / callback h
andling
Inserting `luaotfload.define_font' at position 1 in `define_font'.
Lua module: luaotfload-database 2020-09-02 3.15 luaotfload submodule / database
Lua module: luaotfload-unicode 2020-09-02 3.15 luaotfload submodule / Unicode he
lpers
Lua module: luaotfload-colors 2020-09-02 3.15 luaotfload submodule / color
Lua-only attribute luaotfload_color_attribute = 3
Lua module: luaotfload-resolvers 2020-09-02 3.15 luaotfload submodule / resolver
s
luaotfload | conf : Root cache directory is "/home/toni/.local/texlive/2020/texm
f-var/luatex-cache/generic/names".
Lua module: luaotfload-features 2020-09-02 3.15 luaotfload submodule / features
Lua module: luaotfload-harf-define 2020-09-02 3.15 luaotfload submodule / HarfBu
zz font loading
Inserting `luaotfload.harf.strip_prefix' at position 1 in `find_opentype_file'.
Inserting `luaotfload.harf.strip_prefix' at position 1 in `find_truetype_file'.
Lua module: luaotfload-harf-plug 2020-09-02 3.15 luaotfload submodule / HarfBuzz
 shaping
Inserting `Harf pre_output_filter callback' at position 1 in `pre_output_filter'
.
Inserting `Harf wrapup_run callback' at position 1 in `wrapup_run'.
Inserting `Harf finish_pdffile callback' at position 1 in `finish_pdffile'.
Inserting `Harf glyph_info callback' at position 1 in `glyph_info'.
Lua module: luaotfload-letterspace 2020-09-02 3.15 luaotfload submodule / letter
spacing
Lua module: luaotfload-embolden 2020-09-02 3.15 luaotfload submodule / embolden
Lua module: luaotfload-notdef 2020-09-02 3.15 luaotfload submodule / notdef
Lua module: luaotfload-suppress 2020-09-02 3.15 luaotfload submodule / suppress
Lua module: luaotfload-szss 2020-09-02 3.15 luaotfload submodule / Special featu
re handling
Lua module: luaotfload-auxiliary 2020-09-02 3.15 luaotfload submodule / auxiliar
y functions
Inserting `luaotfload.aux.set_sscale_dimens' at position 1 in `luaotfload.patch_
font'.
Inserting `luaotfload.aux.set_font_index' at position 2 in `luaotfload.patch_fon
t'.
Inserting `luaotfload.aux.patch_cambria_domh' at position 3 in `luaotfload.patch
_font'.
Inserting `luaotfload.aux.fixup_fontdata' at position 1 in `luaotfload.patch_fon
t_unsafe'.
Inserting `luaotfload.aux.set_capheight' at position 4 in `luaotfload.patch_font
'.
Inserting `luaotfload.aux.set_xheight' at position 5 in `luaotfload.patch_font'.
Lua module: luaotfload-tounicode 2020-09-02 3.15 luaotfload submodule / tounicod
e
Inserting `luaotfload.rewrite_fontname' at position 6 in `luaotfload.patch_font'
. L3 programming layer <2020-10-05> xparse <2020-03-03>

! LaTeX Error: Missing \begin{document}.

See the LaTeX manual or LaTeX Companion for explanation.
Type  H <return>  for immediate help.
 ...                                              
                                                  
l.1 @
   manual{doc,
? x


Here is how much of LuaTeX's memory you used:
 20 strings out of 479059
 100000,383344 words of node,token memory allocated 329 words of node memory still in use:
   2 hlist, 1 local_par, 1 dir, 1 glue, 3 kern, 1 glyph, 2 attribute, 39 glue_sp
ec, 2 attribute_list, 1 temp nodes
   avail lists: 2:7,3:3,4:1,7:1
 19570 multiletter control sequences out of 65536+600000
 24 fonts using 3127019 bytes
 13i,0n,15p,23b,15s stack positions out of 5000i,500n,10000p,200000b,200000s

warning  (pdf backend): no pages of output.

PDF statistics: 0 PDF objects out of 1000 (max. 8388607)
 0 named destinations out of 1000 (max. 131072)
 1 words of extra memory for PDF output out of 10000 (max. 100000000)

